2025-03-20 12:54:51,521 INFO o.a.j.u.JMeterUtils: Setting Locale to en_EN
2025-03-20 12:54:51,592 INFO o.a.j.JMeter: Loading user properties from: C:\apache-jmeter-5.6.3\bin\user.properties
2025-03-20 12:54:51,592 INFO o.a.j.JMeter: Loading system properties from: C:\apache-jmeter-5.6.3\bin\system.properties
2025-03-20 12:54:51,691 INFO o.a.j.JMeter: Copyright (c) 1998-2024 The Apache Software Foundation
2025-03-20 12:54:51,691 INFO o.a.j.JMeter: Version 5.6.3
2025-03-20 12:54:51,691 INFO o.a.j.JMeter: java.version=1.8.0_181
2025-03-20 12:54:51,691 INFO o.a.j.JMeter: java.vm.name=Java HotSpot(TM) 64-Bit Server VM
2025-03-20 12:54:51,691 INFO o.a.j.JMeter: os.name=Windows 10
2025-03-20 12:54:51,691 INFO o.a.j.JMeter: os.arch=amd64
2025-03-20 12:54:51,691 INFO o.a.j.JMeter: os.version=10.0
2025-03-20 12:54:51,691 INFO o.a.j.JMeter: file.encoding=Cp1252
2025-03-20 12:54:51,691 INFO o.a.j.JMeter: java.awt.headless=null
2025-03-20 12:54:51,691 INFO o.a.j.JMeter: Max memory     =1073741824
2025-03-20 12:54:51,691 INFO o.a.j.JMeter: Available Processors =2
2025-03-20 12:54:51,703 INFO o.a.j.JMeter: Default Locale=English (EN)
2025-03-20 12:54:51,703 INFO o.a.j.JMeter: JMeter  Locale=English (EN)
2025-03-20 12:54:51,703 INFO o.a.j.JMeter: JMeterHome=C:\apache-jmeter-5.6.3
2025-03-20 12:54:51,703 INFO o.a.j.JMeter: user.dir  =C:\Users\User\Documents\New
2025-03-20 12:54:51,703 INFO o.a.j.JMeter: PWD       =C:\Users\User\Documents\New
2025-03-20 12:54:51,703 INFO o.a.j.JMeter: IP: 192.168.43.144 Name: AcerAspire3 FullName: AcerAspire3
2025-03-20 12:54:51,781 INFO o.a.j.JMeter: Loaded icon properties from org/apache/jmeter/images/icon.properties
2025-03-20 12:54:52,982 INFO o.a.j.JMeterGuiLauncher: Setting LAF to: com.github.weisj.darklaf.DarkLaf:com.github.weisj.darklaf.theme.DarculaTheme
2025-03-20 12:54:59,715 INFO o.a.j.JMeterGuiLauncher: Loading file: C:\Users\User\Documents\New\test_plan.jmx
2025-03-20 12:54:59,731 INFO o.a.j.s.FileServer: Default base='C:\Users\User\Documents\New'
2025-03-20 12:54:59,731 INFO o.a.j.s.FileServer: Set new base='C:\Users\User\Documents\New'
2025-03-20 12:55:00,700 INFO o.a.j.s.SaveService: Testplan (JMX) version: 2.2. Testlog (JTL) version: 2.2
2025-03-20 12:55:00,890 INFO o.a.j.s.SaveService: Using SaveService properties file encoding UTF-8
2025-03-20 12:55:00,916 INFO o.a.j.s.SaveService: Using SaveService properties version 5.0
2025-03-20 12:55:00,948 INFO o.a.j.s.SaveService: Loading file: C:\Users\User\Documents\New\test_plan.jmx
2025-03-20 12:55:01,262 INFO o.a.j.p.h.s.HTTPSamplerBase: Parser for text/html is org.apache.jmeter.protocol.http.parser.LagartoBasedHtmlParser
2025-03-20 12:55:01,262 INFO o.a.j.p.h.s.HTTPSamplerBase: Parser for application/xhtml+xml is org.apache.jmeter.protocol.http.parser.LagartoBasedHtmlParser
2025-03-20 12:55:01,262 INFO o.a.j.p.h.s.HTTPSamplerBase: Parser for application/xml is org.apache.jmeter.protocol.http.parser.LagartoBasedHtmlParser
2025-03-20 12:55:01,262 INFO o.a.j.p.h.s.HTTPSamplerBase: Parser for text/xml is org.apache.jmeter.protocol.http.parser.LagartoBasedHtmlParser
2025-03-20 12:55:01,262 INFO o.a.j.p.h.s.HTTPSamplerBase: Parser for text/vnd.wap.wml is org.apache.jmeter.protocol.http.parser.RegexpHTMLParser
2025-03-20 12:55:01,262 INFO o.a.j.p.h.s.HTTPSamplerBase: Parser for text/css is org.apache.jmeter.protocol.http.parser.CssParser
2025-03-20 12:55:02,251 INFO o.a.j.s.FileServer: Set new base='C:\Users\User\Documents\New'
2025-03-20 12:55:03,032 INFO o.a.j.s.SampleResult: Note: Sample TimeStamps are START times
2025-03-20 12:55:03,032 INFO o.a.j.s.SampleResult: sampleresult.default.encoding is set to UTF-8
2025-03-20 12:55:03,032 INFO o.a.j.s.SampleResult: sampleresult.useNanoTime=true
2025-03-20 12:55:03,032 INFO o.a.j.s.SampleResult: sampleresult.nanoThreadSleep=5000
2025-03-20 12:56:16,983 INFO o.a.j.e.StandardJMeterEngine: Running the test!
2025-03-20 12:56:16,983 INFO o.a.j.s.SampleEvent: List of sample_variables: []
2025-03-20 12:56:16,983 INFO o.a.j.s.SampleEvent: List of sample_variables: []
2025-03-20 12:56:16,983 INFO o.a.j.e.u.CompoundVariable: Note: Function class names must contain the string: '.functions.'
2025-03-20 12:56:16,983 INFO o.a.j.e.u.CompoundVariable: Note: Function class names must not contain the string: '.gui.'
2025-03-20 12:56:18,470 INFO o.a.j.g.u.JMeterMenuBar: setRunning(true, *local*)
2025-03-20 12:56:18,723 INFO o.a.j.e.StandardJMeterEngine: Starting ThreadGroup: 1 : Thread Group
2025-03-20 12:56:18,723 INFO o.a.j.e.StandardJMeterEngine: Starting 1 threads for group Thread Group.
2025-03-20 12:56:18,723 INFO o.a.j.e.StandardJMeterEngine: Thread will continue on error
2025-03-20 12:56:18,723 INFO o.a.j.t.ThreadGroup: Starting thread group... number=1 threads=1 ramp-up=1 delayedStart=false
2025-03-20 12:56:18,739 INFO o.a.j.t.ThreadGroup: Started thread group number 1
2025-03-20 12:56:18,739 INFO o.a.j.e.StandardJMeterEngine: All thread groups have been started
2025-03-20 12:56:18,754 INFO o.a.j.t.JMeterThread: Thread started: Thread Group 1-1
2025-03-20 12:56:18,848 INFO o.a.j.p.h.s.HTTPHCAbstractImpl: Local host = AcerAspire3
2025-03-20 12:56:18,911 INFO o.a.j.p.h.s.HTTPHC4Impl: HTTP request retry count = 0
2025-03-20 12:56:22,772 INFO o.a.j.p.h.s.h.LazyLayeredConnectionSocketFactory: Setting up HTTPS TrustAll Socket Factory
2025-03-20 12:56:22,788 INFO o.a.j.u.JsseSSLManager: Using default SSL protocol: TLS
2025-03-20 12:56:22,788 INFO o.a.j.u.JsseSSLManager: SSL session context: per-thread
2025-03-20 12:56:24,072 INFO o.a.j.u.SSLManager: JmeterKeyStore Location:  type JKS
2025-03-20 12:56:24,072 INFO o.a.j.u.SSLManager: KeyStore created OK
2025-03-20 12:56:24,072 WARN o.a.j.u.SSLManager: Keystore file not found, loading empty keystore
2025-03-20 12:56:25,858 INFO o.a.j.t.JMeterThread: Thread is done: Thread Group 1-1
2025-03-20 12:56:25,858 INFO o.a.j.t.JMeterThread: Thread finished: Thread Group 1-1
2025-03-20 12:56:25,890 INFO o.a.j.e.StandardJMeterEngine: Notifying test listeners of end of test
2025-03-20 12:56:25,890 INFO o.a.j.g.u.JMeterMenuBar: setRunning(false, *local*)
